Arguments: 
  /usr/bin/node /usr/bin/yarnpkg install

PATH: 
  /usr/local/bin:/usr/bin:/bin:/usr/local/sbin:/usr/lib/jvm/default/bin:/usr/bin/site_perl:/usr/bin/vendor_perl:/usr/bin/core_perl:/home/leonzalion/Development/flutter/bin

Yarn version: 
  1.22.4

Node version: 
  14.1.0

Platform: 
  linux x64

Trace: 
  Error: ENOSYS: function not implemented, symlink '../../../../browserslist/cli.js' -> '/shared/Development/Projects/UserInexperience/node_modules/@babel/compat-data/node_modules/.bin/browserslist'

npm manifest: 
  {
    "main": "node_modules/expo/AppEntry.js",
    "scripts": {
      "start": "expo start",
      "android": "expo start --android",
      "ios": "expo start --ios",
      "web": "expo start --web",
      "eject": "expo eject"
    },
    "dependencies": {
      "expo": "~37.0.3",
      "react": "~16.9.0",
      "react-dom": "~16.9.0",
      "react-native": "https://github.com/expo/react-native/archive/sdk-37.0.1.tar.gz",
      "react-native-web": "~0.11.7"
    },
    "devDependencies": {
      "babel-preset-expo": "~8.1.0",
      "@babel/core": "^7.8.6"
    },
    "private": true
  }

yarn manifest: 
  No manifest

Lockfile: 
  No lockfile
